<?xml version="1.0" encoding="UTF-8"?>
<!-- Generated by org.testng.reporters.JUnitReportReporter -->
<testsuite hostname="WS-LV-CP3316" failures="0" tests="3" name="org.eleks.gmail.vstasiv.Tests" time="23.817" errors="3" timestamp="2021-08-30T22:08:06 EEST" skipped="0">
  <testcase classname="org.eleks.gmail.vstasiv.Tests" name="singIn" time="6.836">
    <error message="Expecting a stackmap frame at branch target 57
Exception Details:
  Location:
    org/Eleks/Gmail/po/HomePage.goToMailSendPage()V @9: invokestatic
  Reason:
    Expected stackmap frame at this location.
  Bytecode:
    0000000: b200 4201 01b8 0048 4cb8 004e 2bb6 0052
    0000010: bb00 1059 b700 154b 2ab8 0016 b600 1a2a
    0000020: b800 1eb6 0021 2a04 b800 24b6 002a bb00
    0000030: 2e59 b700 3057 a700 0d4d b800 4e2c b600
    0000040: 562c bfb8 004e b600 59b1               
  Exception Handler Table:
    bci [9, 57] =&gt; handler: 57
" type="java.lang.VerifyError">
      <![CDATA[java.lang.VerifyError: Expecting a stackmap frame at branch target 57
Exception Details:
  Location:
    org/Eleks/Gmail/po/HomePage.goToMailSendPage()V @9: invokestatic
  Reason:
    Expected stackmap frame at this location.
  Bytecode:
    0000000: b200 4201 01b8 0048 4cb8 004e 2bb6 0052
    0000010: bb00 1059 b700 154b 2ab8 0016 b600 1a2a
    0000020: b800 1eb6 0021 2a04 b800 24b6 002a bb00
    0000030: 2e59 b700 3057 a700 0d4d b800 4e2c b600
    0000040: 562c bfb8 004e b600 59b1               
  Exception Handler Table:
    bci [9, 57] => handler: 57

at org.Eleks.Gmail.po.LoginPage.login(LoginPage.java:47)
at org.Eleks.Gmail.bo.LoginBO.login(LoginBO.java:17)
at org.eleks.gmail.vstasiv.Tests.singIn(Tests.java:11)
at java.base/jdk.internal.reflect.NativeMethodAccessorImpl.invoke0(Native Method)
at java.base/jdk.internal.reflect.NativeMethodAccessorImpl.invoke(NativeMethodAccessorImpl.java:64)
at java.base/jdk.internal.reflect.DelegatingMethodAccessorImpl.invoke(DelegatingMethodAccessorImpl.java:43)
at java.base/java.lang.reflect.Method.invoke(Method.java:564)
at org.testng.internal.MethodInvocationHelper.invokeMethod(MethodInvocationHelper.java:133)
at org.testng.internal.TestInvoker.invokeMethod(TestInvoker.java:584)
at org.testng.internal.TestInvoker.invokeTestMethod(TestInvoker.java:172)
at org.testng.internal.MethodRunner.runInSequence(MethodRunner.java:46)
at org.testng.internal.TestInvoker$MethodInvocationAgent.invoke(TestInvoker.java:804)
at org.testng.internal.TestInvoker.invokeTestMethods(TestInvoker.java:145)
at org.testng.internal.TestMethodWorker.invokeTestMethods(TestMethodWorker.java:146)
at org.testng.internal.TestMethodWorker.run(TestMethodWorker.java:128)
at java.base/java.util.ArrayList.forEach(ArrayList.java:1511)
at org.testng.TestRunner.privateRun(TestRunner.java:770)
at org.testng.TestRunner.run(TestRunner.java:591)
at org.testng.SuiteRunner.runTest(SuiteRunner.java:402)
at org.testng.SuiteRunner.runSequentially(SuiteRunner.java:396)
at org.testng.SuiteRunner.privateRun(SuiteRunner.java:355)
at org.testng.SuiteRunner.run(SuiteRunner.java:304)
at org.testng.SuiteRunnerWorker.runSuite(SuiteRunnerWorker.java:53)
at org.testng.SuiteRunnerWorker.run(SuiteRunnerWorker.java:96)
at org.testng.TestNG.runSuitesSequentially(TestNG.java:1180)
at org.testng.TestNG.runSuitesLocally(TestNG.java:1102)
at org.testng.TestNG.runSuites(TestNG.java:1032)
at org.testng.TestNG.run(TestNG.java:1000)
at org.apache.maven.surefire.testng.TestNGExecutor.run(TestNGExecutor.java:135)
at org.apache.maven.surefire.testng.TestNGDirectoryTestSuite.executeMulti(TestNGDirectoryTestSuite.java:193)
at org.apache.maven.surefire.testng.TestNGDirectoryTestSuite.execute(TestNGDirectoryTestSuite.java:94)
at org.apache.maven.surefire.testng.TestNGProvider.invoke(TestNGProvider.java:146)
at org.apache.maven.surefire.booter.ForkedBooter.invokeProviderInSameClassLoader(ForkedBooter.java:386)
at org.apache.maven.surefire.booter.ForkedBooter.runSuitesInProcess(ForkedBooter.java:323)
at org.apache.maven.surefire.booter.ForkedBooter.main(ForkedBooter.java:143)
]]>
    </error>
  </testcase> <!-- singIn -->
  <testcase classname="org.eleks.gmail.vstasiv.Tests" name="goToMailPage" time="10.345">
    <error message="Expecting a stackmap frame at branch target 57
Exception Details:
  Location:
    org/Eleks/Gmail/po/HomePage.goToMailSendPage()V @9: invokestatic
  Reason:
    Expected stackmap frame at this location.
  Bytecode:
    0000000: b200 4201 01b8 0048 4cb8 004e 2bb6 0052
    0000010: bb00 1059 b700 154b 2ab8 0016 b600 1a2a
    0000020: b800 1eb6 0021 2a04 b800 24b6 002a bb00
    0000030: 2e59 b700 3057 a700 0d4d b800 4e2c b600
    0000040: 562c bfb8 004e b600 59b1               
  Exception Handler Table:
    bci [9, 57] =&gt; handler: 57
" type="java.lang.VerifyError">
      <![CDATA[java.lang.VerifyError: Expecting a stackmap frame at branch target 57
Exception Details:
  Location:
    org/Eleks/Gmail/po/HomePage.goToMailSendPage()V @9: invokestatic
  Reason:
    Expected stackmap frame at this location.
  Bytecode:
    0000000: b200 4201 01b8 0048 4cb8 004e 2bb6 0052
    0000010: bb00 1059 b700 154b 2ab8 0016 b600 1a2a
    0000020: b800 1eb6 0021 2a04 b800 24b6 002a bb00
    0000030: 2e59 b700 3057 a700 0d4d b800 4e2c b600
    0000040: 562c bfb8 004e b600 59b1               
  Exception Handler Table:
    bci [9, 57] => handler: 57

at org.Eleks.Gmail.po.LoginPage.login(LoginPage.java:47)
at org.Eleks.Gmail.bo.LoginBO.login(LoginBO.java:17)
at org.eleks.gmail.vstasiv.Tests.goToMailPage(Tests.java:16)
at java.base/jdk.internal.reflect.NativeMethodAccessorImpl.invoke0(Native Method)
at java.base/jdk.internal.reflect.NativeMethodAccessorImpl.invoke(NativeMethodAccessorImpl.java:64)
at java.base/jdk.internal.reflect.DelegatingMethodAccessorImpl.invoke(DelegatingMethodAccessorImpl.java:43)
at java.base/java.lang.reflect.Method.invoke(Method.java:564)
at org.testng.internal.MethodInvocationHelper.invokeMethod(MethodInvocationHelper.java:133)
at org.testng.internal.TestInvoker.invokeMethod(TestInvoker.java:584)
at org.testng.internal.TestInvoker.invokeTestMethod(TestInvoker.java:172)
at org.testng.internal.MethodRunner.runInSequence(MethodRunner.java:46)
at org.testng.internal.TestInvoker$MethodInvocationAgent.invoke(TestInvoker.java:804)
at org.testng.internal.TestInvoker.invokeTestMethods(TestInvoker.java:145)
at org.testng.internal.TestMethodWorker.invokeTestMethods(TestMethodWorker.java:146)
at org.testng.internal.TestMethodWorker.run(TestMethodWorker.java:128)
at java.base/java.util.ArrayList.forEach(ArrayList.java:1511)
at org.testng.TestRunner.privateRun(TestRunner.java:770)
at org.testng.TestRunner.run(TestRunner.java:591)
at org.testng.SuiteRunner.runTest(SuiteRunner.java:402)
at org.testng.SuiteRunner.runSequentially(SuiteRunner.java:396)
at org.testng.SuiteRunner.privateRun(SuiteRunner.java:355)
at org.testng.SuiteRunner.run(SuiteRunner.java:304)
at org.testng.SuiteRunnerWorker.runSuite(SuiteRunnerWorker.java:53)
at org.testng.SuiteRunnerWorker.run(SuiteRunnerWorker.java:96)
at org.testng.TestNG.runSuitesSequentially(TestNG.java:1180)
at org.testng.TestNG.runSuitesLocally(TestNG.java:1102)
at org.testng.TestNG.runSuites(TestNG.java:1032)
at org.testng.TestNG.run(TestNG.java:1000)
at org.apache.maven.surefire.testng.TestNGExecutor.run(TestNGExecutor.java:135)
at org.apache.maven.surefire.testng.TestNGDirectoryTestSuite.executeMulti(TestNGDirectoryTestSuite.java:193)
at org.apache.maven.surefire.testng.TestNGDirectoryTestSuite.execute(TestNGDirectoryTestSuite.java:94)
at org.apache.maven.surefire.testng.TestNGProvider.invoke(TestNGProvider.java:146)
at org.apache.maven.surefire.booter.ForkedBooter.invokeProviderInSameClassLoader(ForkedBooter.java:386)
at org.apache.maven.surefire.booter.ForkedBooter.runSuitesInProcess(ForkedBooter.java:323)
at org.apache.maven.surefire.booter.ForkedBooter.main(ForkedBooter.java:143)
]]>
    </error>
  </testcase> <!-- goToMailPage -->
  <testcase classname="org.eleks.gmail.vstasiv.Tests" name="sendAndCheckEmailTest" time="6.636">
    <error message="Expecting a stackmap frame at branch target 57
Exception Details:
  Location:
    org/Eleks/Gmail/po/HomePage.goToMailSendPage()V @9: invokestatic
  Reason:
    Expected stackmap frame at this location.
  Bytecode:
    0000000: b200 4201 01b8 0048 4cb8 004e 2bb6 0052
    0000010: bb00 1059 b700 154b 2ab8 0016 b600 1a2a
    0000020: b800 1eb6 0021 2a04 b800 24b6 002a bb00
    0000030: 2e59 b700 3057 a700 0d4d b800 4e2c b600
    0000040: 562c bfb8 004e b600 59b1               
  Exception Handler Table:
    bci [9, 57] =&gt; handler: 57
" type="java.lang.VerifyError">
      <![CDATA[java.lang.VerifyError: Expecting a stackmap frame at branch target 57
Exception Details:
  Location:
    org/Eleks/Gmail/po/HomePage.goToMailSendPage()V @9: invokestatic
  Reason:
    Expected stackmap frame at this location.
  Bytecode:
    0000000: b200 4201 01b8 0048 4cb8 004e 2bb6 0052
    0000010: bb00 1059 b700 154b 2ab8 0016 b600 1a2a
    0000020: b800 1eb6 0021 2a04 b800 24b6 002a bb00
    0000030: 2e59 b700 3057 a700 0d4d b800 4e2c b600
    0000040: 562c bfb8 004e b600 59b1               
  Exception Handler Table:
    bci [9, 57] => handler: 57

at org.Eleks.Gmail.po.LoginPage.login(LoginPage.java:47)
at org.Eleks.Gmail.bo.LoginBO.login(LoginBO.java:17)
at org.eleks.gmail.vstasiv.Tests.sendAndCheckEmailTest(Tests.java:22)
at java.base/jdk.internal.reflect.NativeMethodAccessorImpl.invoke0(Native Method)
at java.base/jdk.internal.reflect.NativeMethodAccessorImpl.invoke(NativeMethodAccessorImpl.java:64)
at java.base/jdk.internal.reflect.DelegatingMethodAccessorImpl.invoke(DelegatingMethodAccessorImpl.java:43)
at java.base/java.lang.reflect.Method.invoke(Method.java:564)
at org.testng.internal.MethodInvocationHelper.invokeMethod(MethodInvocationHelper.java:133)
at org.testng.internal.TestInvoker.invokeMethod(TestInvoker.java:584)
at org.testng.internal.TestInvoker.invokeTestMethod(TestInvoker.java:172)
at org.testng.internal.MethodRunner.runInSequence(MethodRunner.java:46)
at org.testng.internal.TestInvoker$MethodInvocationAgent.invoke(TestInvoker.java:804)
at org.testng.internal.TestInvoker.invokeTestMethods(TestInvoker.java:145)
at org.testng.internal.TestMethodWorker.invokeTestMethods(TestMethodWorker.java:146)
at org.testng.internal.TestMethodWorker.run(TestMethodWorker.java:128)
at java.base/java.util.ArrayList.forEach(ArrayList.java:1511)
at org.testng.TestRunner.privateRun(TestRunner.java:770)
at org.testng.TestRunner.run(TestRunner.java:591)
at org.testng.SuiteRunner.runTest(SuiteRunner.java:402)
at org.testng.SuiteRunner.runSequentially(SuiteRunner.java:396)
at org.testng.SuiteRunner.privateRun(SuiteRunner.java:355)
at org.testng.SuiteRunner.run(SuiteRunner.java:304)
at org.testng.SuiteRunnerWorker.runSuite(SuiteRunnerWorker.java:53)
at org.testng.SuiteRunnerWorker.run(SuiteRunnerWorker.java:96)
at org.testng.TestNG.runSuitesSequentially(TestNG.java:1180)
at org.testng.TestNG.runSuitesLocally(TestNG.java:1102)
at org.testng.TestNG.runSuites(TestNG.java:1032)
at org.testng.TestNG.run(TestNG.java:1000)
at org.apache.maven.surefire.testng.TestNGExecutor.run(TestNGExecutor.java:135)
at org.apache.maven.surefire.testng.TestNGDirectoryTestSuite.executeMulti(TestNGDirectoryTestSuite.java:193)
at org.apache.maven.surefire.testng.TestNGDirectoryTestSuite.execute(TestNGDirectoryTestSuite.java:94)
at org.apache.maven.surefire.testng.TestNGProvider.invoke(TestNGProvider.java:146)
at org.apache.maven.surefire.booter.ForkedBooter.invokeProviderInSameClassLoader(ForkedBooter.java:386)
at org.apache.maven.surefire.booter.ForkedBooter.runSuitesInProcess(ForkedBooter.java:323)
at org.apache.maven.surefire.booter.ForkedBooter.main(ForkedBooter.java:143)
]]>
    </error>
  </testcase> <!-- sendAndCheckEmailTest -->
</testsuite> <!-- org.eleks.gmail.vstasiv.Tests -->
